{"C:\\Users\\mukha\\toDoList-webpack-mv\\dynamic.js": {"path":"C:\\Users\\mukha\\toDoList-webpack-mv\\dynamic.js","statementMap":{"0":{"start":{"line":1,"column":14},"end":{"line":1,"column":30}},"1":{"start":{"line":3,"column":18},"end":{"line":3,"column":23}},"2":{"start":{"line":4,"column":16},"end":{"line":28,"column":40}},"3":{"start":{"line":29,"column":0},"end":{"line":29,"column":42}},"4":{"start":{"line":30,"column":0},"end":{"line":30,"column":31}},"5":{"start":{"line":31,"column":0},"end":{"line":31,"column":41}}},"fnMap":{},"branchMap":{},"s":{"0":2,"1":2,"2":2,"3":2,"4":2,"5":2},"f":{},"b":{},"_coverageSchema":"1a1c01bbd47fc00a2c39e90264f33305004495a9","hash":"1a5da602b4927688c778f9af901d5e20e3afbdac"}
,"C:\\Users\\mukha\\toDoList-webpack-mv\\__test__\\addtask.js": {"path":"C:\\Users\\mukha\\toDoList-webpack-mv\\__test__\\addtask.js","statementMap":{"0":{"start":{"line":1,"column":27},"end":{"line":1,"column":48}},"1":{"start":{"line":3,"column":18},"end":{"line":3,"column":20}},"2":{"start":{"line":4,"column":16},"end":{"line":4,"column":53}},"3":{"start":{"line":5,"column":21},"end":{"line":5,"column":64}},"4":{"start":{"line":8,"column":2},"end":{"line":8,"column":66}},"5":{"start":{"line":12,"column":2},"end":{"line":12,"column":26}},"6":{"start":{"line":13,"column":2},"end":{"line":39,"column":5}},"7":{"start":{"line":14,"column":16},"end":{"line":14,"column":45}},"8":{"start":{"line":15,"column":4},"end":{"line":15,"column":27}},"9":{"start":{"line":16,"column":4},"end":{"line":18,"column":5}},"10":{"start":{"line":17,"column":6},"end":{"line":17,"column":34}},"11":{"start":{"line":19,"column":4},"end":{"line":19,"column":41}},"12":{"start":{"line":20,"column":21},"end":{"line":20,"column":52}},"13":{"start":{"line":21,"column":4},"end":{"line":21,"column":46}},"14":{"start":{"line":22,"column":4},"end":{"line":22,"column":35}},"15":{"start":{"line":23,"column":4},"end":{"line":23,"column":54}},"16":{"start":{"line":24,"column":4},"end":{"line":24,"column":30}},"17":{"start":{"line":25,"column":17},"end":{"line":25,"column":48}},"18":{"start":{"line":26,"column":4},"end":{"line":26,"column":43}},"19":{"start":{"line":27,"column":4},"end":{"line":27,"column":28}},"20":{"start":{"line":28,"column":4},"end":{"line":28,"column":26}},"21":{"start":{"line":29,"column":17},"end":{"line":29,"column":47}},"22":{"start":{"line":30,"column":4},"end":{"line":30,"column":27}},"23":{"start":{"line":31,"column":4},"end":{"line":31,"column":23}},"24":{"start":{"line":32,"column":4},"end":{"line":32,"column":56}},"25":{"start":{"line":33,"column":4},"end":{"line":33,"column":26}},"26":{"start":{"line":34,"column":4},"end":{"line":37,"column":7}},"27":{"start":{"line":35,"column":6},"end":{"line":35,"column":34}},"28":{"start":{"line":36,"column":6},"end":{"line":36,"column":30}},"29":{"start":{"line":38,"column":4},"end":{"line":38,"column":29}},"30":{"start":{"line":40,"column":2},"end":{"line":40,"column":28}},"31":{"start":{"line":44,"column":15},"end":{"line":49,"column":3}},"32":{"start":{"line":50,"column":2},"end":{"line":50,"column":23}},"33":{"start":{"line":51,"column":2},"end":{"line":51,"column":35}},"34":{"start":{"line":52,"column":2},"end":{"line":52,"column":26}},"35":{"start":{"line":54,"column":0},"end":{"line":54,"column":54}},"36":{"start":{"line":55,"column":0},"end":{"line":55,"column":40}}},"fnMap":{"0":{"name":"addInfoStore","decl":{"start":{"line":7,"column":9},"end":{"line":7,"column":21}},"loc":{"start":{"line":7,"column":33},"end":{"line":9,"column":1}},"line":7},"1":{"name":"addElementsToPageFrom","decl":{"start":{"line":11,"column":9},"end":{"line":11,"column":30}},"loc":{"start":{"line":11,"column":42},"end":{"line":41,"column":1}},"line":11},"2":{"name":"(anonymous_2)","decl":{"start":{"line":13,"column":20},"end":{"line":13,"column":21}},"loc":{"start":{"line":13,"column":30},"end":{"line":39,"column":3}},"line":13},"3":{"name":"(anonymous_3)","decl":{"start":{"line":34,"column":36},"end":{"line":34,"column":37}},"loc":{"start":{"line":34,"column":43},"end":{"line":37,"column":5}},"line":34},"4":{"name":"addTaskToArray","decl":{"start":{"line":43,"column":9},"end":{"line":43,"column":23}},"loc":{"start":{"line":43,"column":26},"end":{"line":53,"column":1}},"line":43}},"branchMap":{"0":{"loc":{"start":{"line":16,"column":4},"end":{"line":18,"column":5}},"type":"if","locations":[{"start":{"line":16,"column":4},"end":{"line":18,"column":5}},{"start":{},"end":{}}],"line":16}},"s":{"0":1,"1":1,"2":1,"3":1,"4":0,"5":2,"6":2,"7":2,"8":2,"9":2,"10":0,"11":2,"12":2,"13":2,"14":2,"15":2,"16":2,"17":2,"18":2,"19":2,"20":2,"21":2,"22":2,"23":2,"24":2,"25":2,"26":2,"27":0,"28":0,"29":2,"30":2,"31":0,"32":0,"33":0,"34":0,"35":1,"36":1},"f":{"0":0,"1":2,"2":2,"3":0,"4":0},"b":{"0":[0,2]},"_coverageSchema":"1a1c01bbd47fc00a2c39e90264f33305004495a9","hash":"e7b26f42af1230aee46da9b5c723d847c8f43fe4"}
,"C:\\Users\\mukha\\toDoList-webpack-mv\\__test__\\removetask.js": {"path":"C:\\Users\\mukha\\toDoList-webpack-mv\\__test__\\removetask.js","statementMap":{"0":{"start":{"line":1,"column":27},"end":{"line":1,"column":48}},"1":{"start":{"line":3,"column":16},"end":{"line":3,"column":53}},"2":{"start":{"line":6,"column":2},"end":{"line":6,"column":66}},"3":{"start":{"line":10,"column":2},"end":{"line":10,"column":26}},"4":{"start":{"line":11,"column":2},"end":{"line":37,"column":5}},"5":{"start":{"line":12,"column":16},"end":{"line":12,"column":45}},"6":{"start":{"line":13,"column":4},"end":{"line":13,"column":27}},"7":{"start":{"line":14,"column":4},"end":{"line":16,"column":5}},"8":{"start":{"line":15,"column":6},"end":{"line":15,"column":34}},"9":{"start":{"line":17,"column":4},"end":{"line":17,"column":41}},"10":{"start":{"line":18,"column":21},"end":{"line":18,"column":52}},"11":{"start":{"line":19,"column":4},"end":{"line":19,"column":46}},"12":{"start":{"line":20,"column":4},"end":{"line":20,"column":35}},"13":{"start":{"line":21,"column":4},"end":{"line":21,"column":54}},"14":{"start":{"line":22,"column":4},"end":{"line":22,"column":30}},"15":{"start":{"line":23,"column":17},"end":{"line":23,"column":48}},"16":{"start":{"line":24,"column":4},"end":{"line":24,"column":43}},"17":{"start":{"line":25,"column":4},"end":{"line":25,"column":28}},"18":{"start":{"line":26,"column":4},"end":{"line":26,"column":26}},"19":{"start":{"line":27,"column":17},"end":{"line":27,"column":47}},"20":{"start":{"line":28,"column":4},"end":{"line":28,"column":27}},"21":{"start":{"line":29,"column":4},"end":{"line":29,"column":23}},"22":{"start":{"line":30,"column":4},"end":{"line":30,"column":56}},"23":{"start":{"line":31,"column":4},"end":{"line":31,"column":26}},"24":{"start":{"line":32,"column":4},"end":{"line":35,"column":7}},"25":{"start":{"line":33,"column":6},"end":{"line":33,"column":34}},"26":{"start":{"line":34,"column":6},"end":{"line":34,"column":30}},"27":{"start":{"line":36,"column":4},"end":{"line":36,"column":29}},"28":{"start":{"line":38,"column":2},"end":{"line":38,"column":26}},"29":{"start":{"line":39,"column":2},"end":{"line":39,"column":35}},"30":{"start":{"line":43,"column":18},"end":{"line":43,"column":66}},"31":{"start":{"line":44,"column":2},"end":{"line":44,"column":62}},"32":{"start":{"line":44,"column":41},"end":{"line":44,"column":60}},"33":{"start":{"line":45,"column":2},"end":{"line":45,"column":26}},"34":{"start":{"line":46,"column":2},"end":{"line":46,"column":35}},"35":{"start":{"line":47,"column":2},"end":{"line":47,"column":26}},"36":{"start":{"line":49,"column":0},"end":{"line":49,"column":40}},"37":{"start":{"line":50,"column":0},"end":{"line":50,"column":54}}},"fnMap":{"0":{"name":"addInfoStore","decl":{"start":{"line":5,"column":9},"end":{"line":5,"column":21}},"loc":{"start":{"line":5,"column":33},"end":{"line":7,"column":1}},"line":5},"1":{"name":"addElementsToPageFrom","decl":{"start":{"line":9,"column":9},"end":{"line":9,"column":30}},"loc":{"start":{"line":9,"column":42},"end":{"line":40,"column":1}},"line":9},"2":{"name":"(anonymous_2)","decl":{"start":{"line":11,"column":20},"end":{"line":11,"column":21}},"loc":{"start":{"line":11,"column":30},"end":{"line":37,"column":3}},"line":11},"3":{"name":"(anonymous_3)","decl":{"start":{"line":32,"column":36},"end":{"line":32,"column":37}},"loc":{"start":{"line":32,"column":43},"end":{"line":35,"column":5}},"line":32},"4":{"name":"deleteTaskWith","decl":{"start":{"line":42,"column":9},"end":{"line":42,"column":23}},"loc":{"start":{"line":42,"column":32},"end":{"line":48,"column":1}},"line":42},"5":{"name":"(anonymous_5)","decl":{"start":{"line":44,"column":31},"end":{"line":44,"column":32}},"loc":{"start":{"line":44,"column":41},"end":{"line":44,"column":60}},"line":44}},"branchMap":{"0":{"loc":{"start":{"line":14,"column":4},"end":{"line":16,"column":5}},"type":"if","locations":[{"start":{"line":14,"column":4},"end":{"line":16,"column":5}},{"start":{},"end":{}}],"line":14}},"s":{"0":1,"1":1,"2":11,"3":7,"4":7,"5":9,"6":9,"7":9,"8":0,"9":9,"10":9,"11":9,"12":9,"13":9,"14":9,"15":9,"16":9,"17":9,"18":9,"19":9,"20":9,"21":9,"22":9,"23":9,"24":9,"25":0,"26":0,"27":9,"28":7,"29":7,"30":4,"31":4,"32":6,"33":4,"34":4,"35":4,"36":1,"37":1},"f":{"0":11,"1":7,"2":9,"3":0,"4":4,"5":6},"b":{"0":[0,9]},"_coverageSchema":"1a1c01bbd47fc00a2c39e90264f33305004495a9","hash":"8851569fee2c7744b74017b7a05485f921675ee9"}
}
