TN:
SF:dynamic.js
FNF:0
FNH:0
DA:1,2
DA:2,2
DA:3,2
DA:4,2
DA:29,2
DA:30,2
DA:31,2
LF:7
LH:7
BRF:0
BRH:0
end_of_record
TN:
SF:__test__\addtask.js
FN:6,addInfoStore
FN:10,addElementsToPageFrom
FN:12,(anonymous_2)
FN:33,(anonymous_3)
FN:42,addTaskToArray
FNF:5
FNH:2
FNDA:0,addInfoStore
FNDA:2,addElementsToPageFrom
FNDA:2,(anonymous_2)
FNDA:0,(anonymous_3)
FNDA:0,addTaskToArray
DA:1,1
DA:2,1
DA:3,1
DA:4,1
DA:7,0
DA:11,2
DA:12,2
DA:13,2
DA:14,2
DA:15,2
DA:16,0
DA:18,2
DA:19,2
DA:20,2
DA:21,2
DA:22,2
DA:23,2
DA:24,2
DA:25,2
DA:26,2
DA:27,2
DA:28,2
DA:29,2
DA:30,2
DA:31,2
DA:32,2
DA:33,2
DA:34,0
DA:35,0
DA:37,2
DA:39,2
DA:43,0
DA:49,0
DA:50,0
DA:51,0
DA:53,1
DA:54,1
LF:37
LH:29
BRDA:15,0,0,0
BRDA:15,0,1,2
BRF:2
BRH:1
end_of_record
TN:
SF:__test__\removetask.js
FN:4,addInfoStore
FN:8,addElementsToPageFrom
FN:10,(anonymous_2)
FN:31,(anonymous_3)
FN:41,deleteTaskWith
FN:43,(anonymous_5)
FNF:6
FNH:5
FNDA:11,addInfoStore
FNDA:7,addElementsToPageFrom
FNDA:9,(anonymous_2)
FNDA:0,(anonymous_3)
FNDA:4,deleteTaskWith
FNDA:6,(anonymous_5)
DA:1,1
DA:2,1
DA:5,11
DA:9,7
DA:10,7
DA:11,9
DA:12,9
DA:13,9
DA:14,0
DA:16,9
DA:17,9
DA:18,9
DA:19,9
DA:20,9
DA:21,9
DA:22,9
DA:23,9
DA:24,9
DA:25,9
DA:26,9
DA:27,9
DA:28,9
DA:29,9
DA:30,9
DA:31,9
DA:32,0
DA:33,0
DA:35,9
DA:37,7
DA:38,7
DA:42,4
DA:43,6
DA:44,4
DA:45,4
DA:46,4
DA:48,1
DA:49,1
LF:37
LH:34
BRDA:13,0,0,0
BRDA:13,0,1,9
BRF:2
BRH:1
end_of_record
