TN:
SF:dynamic.js
FNF:0
FNH:0
DA:1,2
DA:3,2
DA:4,2
DA:29,2
DA:30,2
DA:31,2
LF:6
LH:6
BRF:0
BRH:0
end_of_record
TN:
SF:__test__\addtask.js
FN:7,addInfoStore
FN:11,addElementsToPageFrom
FN:13,(anonymous_2)
FN:34,(anonymous_3)
FN:43,addTaskToArray
FNF:5
FNH:2
FNDA:0,addInfoStore
FNDA:2,addElementsToPageFrom
FNDA:2,(anonymous_2)
FNDA:0,(anonymous_3)
FNDA:0,addTaskToArray
DA:1,1
DA:3,1
DA:4,1
DA:5,1
DA:8,0
DA:12,2
DA:13,2
DA:14,2
DA:15,2
DA:16,2
DA:17,0
DA:19,2
DA:20,2
DA:21,2
DA:22,2
DA:23,2
DA:24,2
DA:25,2
DA:26,2
DA:27,2
DA:28,2
DA:29,2
DA:30,2
DA:31,2
DA:32,2
DA:33,2
DA:34,2
DA:35,0
DA:36,0
DA:38,2
DA:40,2
DA:44,0
DA:50,0
DA:51,0
DA:52,0
DA:54,1
DA:55,1
LF:37
LH:29
BRDA:16,0,0,0
BRDA:16,0,1,2
BRF:2
BRH:1
end_of_record
TN:
SF:__test__\removetask.js
FN:5,addInfoStore
FN:9,addElementsToPageFrom
FN:11,(anonymous_2)
FN:32,(anonymous_3)
FN:42,deleteTaskWith
FN:44,(anonymous_5)
FNF:6
FNH:5
FNDA:11,addInfoStore
FNDA:7,addElementsToPageFrom
FNDA:9,(anonymous_2)
FNDA:0,(anonymous_3)
FNDA:4,deleteTaskWith
FNDA:6,(anonymous_5)
DA:1,1
DA:3,1
DA:6,11
DA:10,7
DA:11,7
DA:12,9
DA:13,9
DA:14,9
DA:15,0
DA:17,9
DA:18,9
DA:19,9
DA:20,9
DA:21,9
DA:22,9
DA:23,9
DA:24,9
DA:25,9
DA:26,9
DA:27,9
DA:28,9
DA:29,9
DA:30,9
DA:31,9
DA:32,9
DA:33,0
DA:34,0
DA:36,9
DA:38,7
DA:39,7
DA:43,4
DA:44,6
DA:45,4
DA:46,4
DA:47,4
DA:49,1
DA:50,1
LF:37
LH:34
BRDA:14,0,0,0
BRDA:14,0,1,9
BRF:2
BRH:1
end_of_record
